e:\zksj\project\vs\gllearn\gllearn\debug\vc142.pdb
e:\zksj\project\vs\gllearn\gllearn\debug\vc142.idb
e:\zksj\project\vs\gllearn\gllearn\debug\texture.obj
e:\zksj\project\vs\gllearn\gllearn\debug\sprite_renderer.obj
e:\zksj\project\vs\gllearn\gllearn\debug\shader.obj
e:\zksj\project\vs\gllearn\gllearn\debug\resource_manager.obj
e:\zksj\project\vs\gllearn\gllearn\debug\particle_generator.obj
e:\zksj\project\vs\gllearn\gllearn\debug\main.obj
e:\zksj\project\vs\gllearn\gllearn\debug\game_object.obj
e:\zksj\project\vs\gllearn\gllearn\debug\game_level.obj
e:\zksj\project\vs\gllearn\gllearn\debug\game.obj
e:\zksj\project\vs\gllearn\gllearn\debug\ball_object.obj
e:\zksj\project\vs\gllearn\gllearn\debug\glad.obj
e:\zksj\project\vs\gllearn\debug\gllearn.exe
e:\zksj\project\vs\gllearn\debug\gllearn.pdb
e:\zksj\project\vs\gllearn\gllearn\debug\gllearn.tlog\cl.command.1.tlog
e:\zksj\project\vs\gllearn\gllearn\debug\gllearn.tlog\cl.read.1.tlog
e:\zksj\project\vs\gllearn\gllearn\debug\gllearn.tlog\cl.write.1.tlog
e:\zksj\project\vs\gllearn\gllearn\debug\gllearn.tlog\link.1440.delete.1.tlog
e:\zksj\project\vs\gllearn\gllearn\debug\gllearn.tlog\link.command.1.tlog
e:\zksj\project\vs\gllearn\gllearn\debug\gllearn.tlog\link.read.1.tlog
e:\zksj\project\vs\gllearn\gllearn\debug\gllearn.tlog\link.write.1.tlog
